{"contracts/Enum.sol":{"l":{},"path":"/mnt/c/Users/ghard/Documents/GitHub/ERC-1337-Sandbox/contracts/Enum.sol","s":{},"b":{},"f":{},"fnMap":{},"statementMap":{},"branchMap":{}},"contracts/ERC165.sol":{"l":{},"path":"/mnt/c/Users/ghard/Documents/GitHub/ERC-1337-Sandbox/contracts/ERC165.sol","s":{},"b":{},"f":{},"fnMap":{},"statementMap":{},"branchMap":{}},"contracts/ShitCoin.sol":{"l":{"11":1},"path":"/mnt/c/Users/ghard/Documents/GitHub/ERC-1337-Sandbox/contracts/ShitCoin.sol","s":{"1":1},"b":{},"f":{"1":1,"2":1},"fnMap":{"1":{"name":"constructor","line":8,"loc":{"start":{"line":8,"column":4},"end":{"line":8,"column":51}}},"2":{"name":"mintTokens","line":10,"loc":{"start":{"line":10,"column":4},"end":{"line":12,"column":4}}}},"statementMap":{"1":{"start":{"line":11,"column":8},"end":{"line":11,"column":28}}},"branchMap":{}},"contracts/Subscription.sol":{"l":{"21":0,"56":4,"57":4,"60":4,"111":0,"129":0,"167":3,"200":0,"202":0,"206":0,"242":0,"244":0,"246":0,"248":0,"249":0,"251":0,"252":0,"253":0,"254":0,"296":2,"300":2,"303":2,"305":1,"307":1,"311":0,"327":0,"329":0,"330":0,"335":1,"337":1,"341":0,"342":0,"344":0,"345":0,"349":0,"355":0,"357":0,"358":0,"360":0,"362":0,"364":0,"366":0,"378":2,"389":0,"390":0,"401":0,"402":0,"413":0,"414":0,"420":0,"422":0,"424":0,"426":0,"427":0,"430":0,"431":0,"434":0,"435":0,"437":0},"path":"/mnt/c/Users/ghard/Documents/GitHub/ERC-1337-Sandbox/contracts/Subscription.sol","s":{"1":4,"2":4,"3":4,"4":0,"5":0,"6":3,"7":0,"8":0,"9":0,"10":0,"11":0,"12":0,"13":0,"14":0,"15":0,"16":0,"17":0,"18":0,"19":2,"20":2,"21":2,"22":1,"23":1,"24":0,"25":0,"26":0,"27":0,"28":1,"29":1,"30":1,"31":0,"32":0,"33":0,"34":0,"35":0,"36":0,"37":0,"38":0,"39":0,"40":0,"41":0,"42":0,"43":0,"44":0,"45":0,"46":2,"47":0,"48":0,"49":0,"50":0,"51":0,"52":0,"53":0,"54":0,"55":0,"56":0,"57":0,"58":0,"59":0,"60":0,"61":0,"62":0},"b":{"1":[0,0],"2":[0,0],"3":[1,1],"4":[1,0],"5":[1,0],"6":[1,0],"7":[0,0],"8":[0,0],"9":[0,0],"10":[0,0],"11":[0,0],"12":[0,0],"13":[0,0],"14":[0,0]},"f":{"1":4,"2":0,"3":0,"4":3,"5":0,"6":0,"7":2,"8":0,"9":2,"10":0,"11":0,"12":0,"13":0},"fnMap":{"1":{"name":"constructor","line":54,"loc":{"start":{"line":54,"column":4},"end":{"line":74,"column":4}}},"2":{"name":"isValidSubscription","line":103,"loc":{"start":{"line":103,"column":4},"end":{"line":112,"column":8}}},"3":{"name":"getSubscriptionStatus","line":120,"loc":{"start":{"line":120,"column":4},"end":{"line":133,"column":8}}},"4":{"name":"getSubscriptionHash","line":149,"loc":{"start":{"line":149,"column":4},"end":{"line":182,"column":8}}},"5":{"name":"getModifyStatusHash","line":189,"loc":{"start":{"line":189,"column":4},"end":{"line":221,"column":8}}},"6":{"name":"modifyStatus","line":231,"loc":{"start":{"line":231,"column":4},"end":{"line":256,"column":8}}},"7":{"name":"executeSubscription","line":276,"loc":{"start":{"line":276,"column":4},"end":{"line":350,"column":8}}},"8":{"name":"_updateTimestamp","line":354,"loc":{"start":{"line":354,"column":4},"end":{"line":367,"column":4}}},"9":{"name":"_getSubscriptionSigner","line":369,"loc":{"start":{"line":369,"column":4},"end":{"line":379,"column":4}}},"10":{"name":"_refundAddressFromMeta","line":381,"loc":{"start":{"line":381,"column":4},"end":{"line":391,"column":4}}},"11":{"name":"_periodFromMeta","line":393,"loc":{"start":{"line":393,"column":4},"end":{"line":403,"column":4}}},"12":{"name":"_tokenFromData","line":405,"loc":{"start":{"line":405,"column":4},"end":{"line":415,"column":4}}},"13":{"name":"_transferTokens","line":418,"loc":{"start":{"line":418,"column":4},"end":{"line":439,"column":4}}}},"statementMap":{"1":{"start":{"line":56,"column":8},"end":{"line":56,"column":29}},"2":{"start":{"line":57,"column":8},"end":{"line":57,"column":23}},"3":{"start":{"line":60,"column":8},"end":{"line":60,"column":1538}},"4":{"start":{"line":111,"column":12},"end":{"line":111,"column":69}},"5":{"start":{"line":129,"column":12},"end":{"line":129,"column":3802}},"6":{"start":{"line":167,"column":8},"end":{"line":167,"column":5916}},"7":{"start":{"line":200,"column":8},"end":{"line":200,"column":66}},"8":{"start":{"line":202,"column":8},"end":{"line":202,"column":65}},"9":{"start":{"line":206,"column":8},"end":{"line":206,"column":7119}},"10":{"start":{"line":242,"column":8},"end":{"line":242,"column":64}},"11":{"start":{"line":244,"column":8},"end":{"line":244,"column":80}},"12":{"start":{"line":246,"column":8},"end":{"line":246,"column":77}},"13":{"start":{"line":248,"column":8},"end":{"line":248,"column":8725}},"14":{"start":{"line":249,"column":12},"end":{"line":249,"column":24}},"15":{"start":{"line":251,"column":12},"end":{"line":251,"column":51}},"16":{"start":{"line":252,"column":12},"end":{"line":252,"column":59}},"17":{"start":{"line":253,"column":12},"end":{"line":253,"column":54}},"18":{"start":{"line":254,"column":12},"end":{"line":254,"column":23}},"19":{"start":{"line":296,"column":12},"end":{"line":296,"column":120}},"20":{"start":{"line":300,"column":12},"end":{"line":300,"column":73}},"21":{"start":{"line":303,"column":12},"end":{"line":303,"column":11404}},"22":{"start":{"line":305,"column":16},"end":{"line":305,"column":11537}},"23":{"start":{"line":307,"column":20},"end":{"line":307,"column":32}},"24":{"start":{"line":311,"column":20},"end":{"line":311,"column":11657}},"25":{"start":{"line":327,"column":20},"end":{"line":327,"column":48}},"26":{"start":{"line":329,"column":20},"end":{"line":329,"column":77}},"27":{"start":{"line":330,"column":20},"end":{"line":330,"column":31}},"28":{"start":{"line":333,"column":19},"end":{"line":333,"column":12460}},"29":{"start":{"line":335,"column":16},"end":{"line":335,"column":12523}},"30":{"start":{"line":337,"column":20},"end":{"line":337,"column":32}},"31":{"start":{"line":341,"column":16},"end":{"line":341,"column":12788}},"32":{"start":{"line":342,"column":20},"end":{"line":342,"column":32}},"33":{"start":{"line":344,"column":20},"end":{"line":344,"column":45}},"34":{"start":{"line":345,"column":20},"end":{"line":345,"column":52}},"35":{"start":{"line":349,"column":12},"end":{"line":349,"column":23}},"36":{"start":{"line":355,"column":8},"end":{"line":355,"column":83}},"37":{"start":{"line":357,"column":8},"end":{"line":357,"column":13329}},"38":{"start":{"line":358,"column":12},"end":{"line":358,"column":96}},"39":{"start":{"line":359,"column":15},"end":{"line":359,"column":13478}},"40":{"start":{"line":360,"column":12},"end":{"line":360,"column":99}},"41":{"start":{"line":361,"column":15},"end":{"line":361,"column":13630}},"42":{"start":{"line":362,"column":12},"end":{"line":362,"column":100}},"43":{"start":{"line":363,"column":15},"end":{"line":363,"column":13783}},"44":{"start":{"line":364,"column":12},"end":{"line":364,"column":101}},"45":{"start":{"line":366,"column":8},"end":{"line":366,"column":127}},"46":{"start":{"line":378,"column":8},"end":{"line":378,"column":76}},"47":{"start":{"line":389,"column":8},"end":{"line":389,"column":148}},"48":{"start":{"line":390,"column":8},"end":{"line":390,"column":29}},"49":{"start":{"line":401,"column":8},"end":{"line":401,"column":148}},"50":{"start":{"line":402,"column":8},"end":{"line":402,"column":22}},"51":{"start":{"line":413,"column":8},"end":{"line":413,"column":61}},"52":{"start":{"line":414,"column":8},"end":{"line":414,"column":28}},"53":{"start":{"line":420,"column":8},"end":{"line":420,"column":91}},"54":{"start":{"line":422,"column":8},"end":{"line":422,"column":66}},"55":{"start":{"line":424,"column":8},"end":{"line":424,"column":15573}},"56":{"start":{"line":426,"column":12},"end":{"line":426,"column":93}},"57":{"start":{"line":427,"column":12},"end":{"line":427,"column":24}},"58":{"start":{"line":430,"column":8},"end":{"line":430,"column":77}},"59":{"start":{"line":431,"column":8},"end":{"line":431,"column":99}},"60":{"start":{"line":434,"column":8},"end":{"line":434,"column":16078}},"61":{"start":{"line":435,"column":12},"end":{"line":435,"column":23}},"62":{"start":{"line":437,"column":12},"end":{"line":437,"column":24}}},"branchMap":{"1":{"line":202,"type":"if","locations":[{"start":{"line":202,"column":8},"end":{"line":202,"column":8}},{"start":{"line":202,"column":8},"end":{"line":202,"column":8}}]},"2":{"line":248,"type":"if","locations":[{"start":{"line":248,"column":8},"end":{"line":248,"column":8}},{"start":{"line":248,"column":8},"end":{"line":248,"column":8}}]},"3":{"line":303,"type":"if","locations":[{"start":{"line":303,"column":12},"end":{"line":303,"column":12}},{"start":{"line":303,"column":12},"end":{"line":303,"column":12}}]},"4":{"line":305,"type":"if","locations":[{"start":{"line":305,"column":16},"end":{"line":305,"column":16}},{"start":{"line":305,"column":16},"end":{"line":305,"column":16}}]},"5":{"line":333,"type":"if","locations":[{"start":{"line":333,"column":19},"end":{"line":333,"column":19}},{"start":{"line":333,"column":19},"end":{"line":333,"column":19}}]},"6":{"line":335,"type":"if","locations":[{"start":{"line":335,"column":16},"end":{"line":335,"column":16}},{"start":{"line":335,"column":16},"end":{"line":335,"column":16}}]},"7":{"line":341,"type":"if","locations":[{"start":{"line":341,"column":16},"end":{"line":341,"column":16}},{"start":{"line":341,"column":16},"end":{"line":341,"column":16}}]},"8":{"line":357,"type":"if","locations":[{"start":{"line":357,"column":8},"end":{"line":357,"column":8}},{"start":{"line":357,"column":8},"end":{"line":357,"column":8}}]},"9":{"line":359,"type":"if","locations":[{"start":{"line":359,"column":15},"end":{"line":359,"column":15}},{"start":{"line":359,"column":15},"end":{"line":359,"column":15}}]},"10":{"line":361,"type":"if","locations":[{"start":{"line":361,"column":15},"end":{"line":361,"column":15}},{"start":{"line":361,"column":15},"end":{"line":361,"column":15}}]},"11":{"line":363,"type":"if","locations":[{"start":{"line":363,"column":15},"end":{"line":363,"column":15}},{"start":{"line":363,"column":15},"end":{"line":363,"column":15}}]},"12":{"line":366,"type":"if","locations":[{"start":{"line":366,"column":8},"end":{"line":366,"column":8}},{"start":{"line":366,"column":8},"end":{"line":366,"column":8}}]},"13":{"line":424,"type":"if","locations":[{"start":{"line":424,"column":8},"end":{"line":424,"column":8}},{"start":{"line":424,"column":8},"end":{"line":424,"column":8}}]},"14":{"line":434,"type":"if","locations":[{"start":{"line":434,"column":8},"end":{"line":434,"column":8}},{"start":{"line":434,"column":8},"end":{"line":434,"column":8}}]}}}}